<?xml version="1.0" encoding="UTF-8"?>
<!-- Generated by org.testng.reporters.JUnitReportReporter -->
<testsuite hostname="Gajanan" failures="0" tests="3" name="ai.aptipro.tests.SignInPageTests" time="76.167" errors="0" timestamp="2023-11-19T11:30:14 IST" skipped="0">
  <testcase classname="ai.aptipro.tests.SignInPageTests" name="loginWithValidCredentials" time="29.885"/>
  <testcase classname="ai.aptipro.tests.SignInPageTests" name="loginWithInvalidCredentials" time="22.309"/>
  <testcase classname="ai.aptipro.tests.SignInPageTests" name="clickOnForgotPasswordButton" time="23.973"/>
</testsuite> <!-- ai.aptipro.tests.SignInPageTests -->
