<?xml version="1.0" encoding="UTF-8"?>
<!-- Generated by org.testng.reporters.JUnitReportReporter -->
<testsuite hostname="Gajanan" failures="0" tests="1" name="ai.aptipro.tests.HomePageTests" time="36.187" errors="0" timestamp="2023-11-19T11:21:55 IST" skipped="0">
  <testcase classname="ai.aptipro.tests.HomePageTests" name="logoutFlowCheck" time="36.187"/>
</testsuite> <!-- ai.aptipro.tests.HomePageTests -->
