<?xml version="1.0" encoding="UTF-8"?>
<!-- Generated by org.testng.reporters.JUnitReportReporter -->
<testsuite hostname="Gajanan" failures="0" tests="1" name="ai.aptipro.tests.MyAccountPageTests" time="50.692" errors="0" timestamp="2023-11-19T11:45:15 IST" skipped="0">
  <testcase classname="ai.aptipro.tests.MyAccountPageTests" name="changeState" time="50.692"/>
</testsuite> <!-- ai.aptipro.tests.MyAccountPageTests -->
