<?xml version="1.0" encoding="UTF-8"?>
<!-- Generated by org.testng.reporters.JUnitReportReporter -->
<testsuite hostname="Gajanan" failures="0" tests="3" name="ai.aptipro.tests.landingPageTests" time="48.978" errors="0" timestamp="2023-11-19T11:24:42 IST" skipped="0">
  <testcase classname="ai.aptipro.tests.landingPageTests" name="clickonGetStartedButton" time="13.284"/>
  <testcase classname="ai.aptipro.tests.landingPageTests" name="clickOnSignInButton" time="7.855"/>
  <testcase classname="ai.aptipro.tests.landingPageTests" name="clickOnSignUpButton" time="27.839"/>
</testsuite> <!-- ai.aptipro.tests.landingPageTests -->
